<?xml version="1.0" encoding="UTF-8"?>
<testsuites name="Mocha Tests" time="0.862" tests="2" failures="0">
  <testsuite name="Root Suite" timestamp="2024-09-06T12:47:00" tests="0" file="cypress\e2e\Pages\Home.cy.js" time="0.000" failures="0">
  </testsuite>
  <testsuite name="Testing the Home page" timestamp="2024-09-06T12:47:00" tests="2" time="0.857" failures="0">
    <testcase name="Testing the Home page The Navbar elements are displayed correctly" time="0.711" classname="The Navbar elements are displayed correctly">
    </testcase>
    <testcase name="Testing the Home page The home page is correctly displayed" time="0.113" classname="The home page is correctly displayed">
    </testcase>
  </testsuite>
</testsuites>