<?xml version="1.0" encoding="UTF-8"?>
<testsuites name="Mocha Tests" time="17.679" tests="5" failures="1">
  <testsuite name="Root Suite" timestamp="2024-09-06T12:46:28" tests="0" file="cypress\e2e\UserJourney\AddItemsInCart.cy.js" time="0.000" failures="0">
  </testsuite>
  <testsuite name="Adding items in the cart" timestamp="2024-09-06T12:46:28" tests="5" time="17.674" failures="1">
    <testcase name="Adding items in the cart The product page is displayed correctly" time="1.310" classname="The product page is displayed correctly">
    </testcase>
    <testcase name="Adding items in the cart The user is not logged and tries to add a product to the cart" time="0.000" classname="The user is not logged and tries to add a product to the cart">
      <failure message="Timed out retrying after 10000ms: Expected to find element: `.productDisplayRightSizes &gt; :nth-child(4)`, but never found it." type="AssertionError"><![CDATA[AssertionError: Timed out retrying after 10000ms: Expected to find element: `.productDisplayRightSizes > :nth-child(4)`, but never found it.
    at Context.eval (webpack://frontend/./cypress/e2e/UserJourney/AddItemsInCart.cy.js:99:60)]]></failure>
    </testcase>
    <testcase name="Adding items in the cart The user is not logged, tries to add a product to the cart, signup to the site and try again" time="3.361" classname="The user is not logged, tries to add a product to the cart, signup to the site and try again">
    </testcase>
    <testcase name="Adding items in the cart The user is logged and try to add an item to the cart" time="1.910" classname="The user is logged and try to add an item to the cart">
    </testcase>
    <testcase name="Adding items in the cart Should delete an item from MongoDB" time="0.284" classname="Should delete an item from MongoDB">
    </testcase>
  </testsuite>
</testsuites>