<?xml version="1.0" encoding="UTF-8"?>
<testsuites name="Mocha Tests" time="1.706" tests="3" failures="0">
  <testsuite name="Root Suite" timestamp="2024-09-06T12:47:11" tests="0" file="cypress\e2e\Pages\NewCollections.cy.js" time="0.000" failures="0">
  </testsuite>
  <testsuite name="Testing the New Collections page" timestamp="2024-09-06T12:47:11" tests="3" time="1.702" failures="0">
    <testcase name="Testing the New Collections page Go to the New Collections section using the navbar menu" time="0.795" classname="Go to the New Collections section using the navbar menu">
    </testcase>
    <testcase name="Testing the New Collections page The Navbar elements are displayed correctly" time="0.243" classname="The Navbar elements are displayed correctly">
    </testcase>
    <testcase name="Testing the New Collections page A single item is correctly displayed" time="0.590" classname="A single item is correctly displayed">
    </testcase>
  </testsuite>
</testsuites>