<?xml version="1.0" encoding="UTF-8"?>
<testsuites name="Mocha Tests" time="6.959" tests="5" failures="0">
  <testsuite name="Root Suite" timestamp="2024-09-06T12:47:58" tests="0" file="cypress\e2e\Admin\ShowProducts.cy.js" time="0.000" failures="0">
  </testsuite>
  <testsuite name="Testing admin showProdcuts functionality" timestamp="2024-09-06T12:47:58" tests="5" time="6.956" failures="0">
    <testcase name="Testing admin showProdcuts functionality The Admin page is correctly displayed" time="1.921" classname="The Admin page is correctly displayed">
    </testcase>
    <testcase name="Testing admin showProdcuts functionality The sidebar in the Show Products page is correctly displayed" time="1.114" classname="The sidebar in the Show Products page is correctly displayed">
    </testcase>
    <testcase name="Testing admin showProdcuts functionality The navbar in the Show Products page is correctly displayed" time="1.149" classname="The navbar in the Show Products page is correctly displayed">
    </testcase>
    <testcase name="Testing admin showProdcuts functionality The table in the Show Products page is correctly displayed" time="1.086" classname="The table in the Show Products page is correctly displayed">
    </testcase>
    <testcase name="Testing admin showProdcuts functionality The elements in the table are correctly displayed" time="1.478" classname="The elements in the table are correctly displayed">
    </testcase>
  </testsuite>
</testsuites>