<?xml version="1.0" encoding="UTF-8"?>
<testsuites name="Mocha Tests" time="1.312" tests="3" failures="0">
  <testsuite name="Root Suite" timestamp="2024-09-06T12:47:14" tests="0" file="cypress\e2e\Pages\Woman.cy.js" time="0.000" failures="0">
  </testsuite>
  <testsuite name="Testing the woman&apos;s products page" timestamp="2024-09-06T12:47:14" tests="3" time="1.309" failures="0">
    <testcase name="Testing the woman&apos;s products page Go to the Woman section using the navbar menu" time="0.548" classname="Go to the Woman section using the navbar menu">
    </testcase>
    <testcase name="Testing the woman&apos;s products page The page is displayed correctly" time="0.234" classname="The page is displayed correctly">
    </testcase>
    <testcase name="Testing the woman&apos;s products page A single item is correctly displayed" time="0.437" classname="A single item is correctly displayed">
    </testcase>
  </testsuite>
</testsuites>